
Showing logs for build [32mcb-kubecd-environment-pr-169-9-75lzf-1[0m stage [32mfrom-build-pack[0m and container [32mstep-credential-initializer-dttpg[0m
{"level":"warn","ts":1582915211.1335452,"logger":"fallback-logger","caller":"logging/config.go:69","msg":"Fetch GitHub commit ID from kodata failed: \"ref: refs/heads/0.8.0-**-support-backwards-incompats\" is not a valid GitHub commit ID"}
{"level":"info","ts":1582915211.1962175,"logger":"fallback-logger","caller":"creds-init/main.go:40","msg":"Credentials initialized."}

Showing logs for build [32mcb-kubecd-environment-pr-169-9-75lzf-1[0m stage [32mfrom-build-pack[0m and container [32mstep-working-dir-initializer-nbn2s[0m
{"level":"warn","ts":1582915212.4148777,"logger":"fallback-logger","caller":"logging/config.go:69","msg":"Fetch GitHub commit ID from kodata failed: open /var/run/ko/HEAD: no such file or directory"}
{"level":"info","ts":1582915212.4280274,"logger":"fallback-logger","caller":"bash/main.go:64","msg":"Successfully executed command \"sh -c mkdir -p /workspace/source\"; output "}

Showing logs for build [32mcb-kubecd-environment-pr-169-9-75lzf-1[0m stage [32mfrom-build-pack[0m and container [32mstep-place-tools[0m

Showing logs for build [32mcb-kubecd-environment-pr-169-9-75lzf-1[0m stage [32mfrom-build-pack[0m and container [32mstep-git-source-cb-kubecd-environment-pr-169-9-75lzf-7wwrc[0m
{"level":"warn","ts":1582915217.7448359,"logger":"fallback-logger","caller":"logging/config.go:69","msg":"Fetch GitHub commit ID from kodata failed: \"ref: refs/heads/0.8.0-**-support-backwards-incompats\" is not a valid GitHub commit ID"}
{"level":"info","ts":1582915219.4170203,"logger":"fallback-logger","caller":"git/git.go:103","msg":"Successfully cloned https://github.com/cb-kubecd/environment-pr-169-9-boot-gke-production.git @ master in path /workspace/source"}

Showing logs for build [32mcb-kubecd-environment-pr-169-9-75lzf-1[0m stage [32mfrom-build-pack[0m and container [32mstep-git-merge[0m
Using SHAs from PULL_REFS=master:7be72be5f2ff051370fd04d4b09ba9b7aa8096fa,1:c7e7ff5c6910998213a43cde437d4e61451a0acc
DEBUG: JX_LOG_LEVEL=error LC_ALL=C git fetch origin --unshallow c7e7ff5c6910998213a43cde437d4e61451a0acc: 7be72be5f2ff051370fd04d4b09ba9b7aa8096fa:
DEBUG: ran git fetch --unshallow origin c7e7ff5c6910998213a43cde437d4e61451a0acc: 7be72be5f2ff051370fd04d4b09ba9b7aa8096fa: in 
DEBUG: LC_ALL=C JX_LOG_LEVEL=error git branch
DEBUG: LC_ALL=C JX_LOG_LEVEL=error git checkout master
DEBUG: ran git checkout master in 
DEBUG: LC_ALL=C JX_LOG_LEVEL=error git reset --hard 7be72be5f2ff051370fd04d4b09ba9b7aa8096fa
DEBUG: ran git reset --hard 7be72be5f2ff051370fd04d4b09ba9b7aa8096fa in 
DEBUG: LC_ALL=C JX_LOG_LEVEL=error git clean -fd .
DEBUG: ran clean --force -d . in 
DEBUG: LC_ALL=C JX_LOG_LEVEL=error git merge c7e7ff5c6910998213a43cde437d4e61451a0acc
DEBUG: ran git merge c7e7ff5c6910998213a43cde437d4e61451a0acc in 
DEBUG: LC_ALL=C JX_LOG_LEVEL=error git log --format=%H%x1f%an%x1f%ae%x1f%cn%x1f%ce%x1f%s%n%b%x1e 7be72be5f2ff051370fd04d4b09ba9b7aa8096fa..HEAD
Merged SHA c7e7ff5c6910998213a43cde437d4e61451a0acc with commit message 'chore: Promote bdd-spring-1582914249 to version 0.0.1' into base branch master

Showing logs for build [32mcb-kubecd-environment-pr-169-9-75lzf-1[0m stage [32mfrom-build-pack[0m and container [32mstep-build-helm-build[0m
WARNING: No $CHART_REPOSITORY defined so using the default value of: http://jenkins-x-chartmuseum:8080
Adding missing Helm repo: storage.googleapis.com https://storage.googleapis.com/chartmuseum.jenkins-x.io
WARNING: No secrets found on "helm/repos" due: reading the secret "helm/repos" from vault: no secret "helm/repos" not found in vault
Read credentials for https://storage.googleapis.com/chartmuseum.jenkins-x.io from vault helm/repos
Successfully added Helm repository storage.googleapis.com.
Adding missing Helm repo: jenkins-x-chartmuseum http://jenkins-x-chartmuseum:8080
WARNING: No secrets found on "helm/repos" due: reading the secret "helm/repos" from vault: no secret "helm/repos" not found in vault
Read credentials for http://jenkins-x-chartmuseum:8080 from vault helm/repos
Successfully added Helm repository jenkins-x-chartmuseum.
WARNING: No $CHART_REPOSITORY defined so using the default value of: http://jenkins-x-chartmuseum:8080
Adding missing Helm repo: chartmuseum.jenkins-x.io http://chartmuseum.jenkins-x.io
WARNING: No secrets found on "helm/repos" due: reading the secret "helm/repos" from vault: no secret "helm/repos" not found in vault
Read credentials for http://chartmuseum.jenkins-x.io from vault helm/repos
Successfully added Helm repository chartmuseum.jenkins-x.io.
